# JRE version: OpenJDK Runtime Environment (21.0.8) (build 21.0.8+-14196175-b1038.72)
# Java VM: OpenJDK 64-Bit Server VM (21.0.8+-14196175-b1038.72, mixed mode, tiered, compressed oops, compressed class ptrs, g1 gc, windows-amd64)
GC Precious Log:
 CardTable entry size: 512
 Card Set container configuration: InlinePtr #cards 4 size 8 Array Of Cards #cards 16 size 48 Howl #buckets 8 coarsen threshold 3686 Howl Bitmap #cards 512 size 80 coarsen threshold 460 Card regions per heap region 1 cards per card region 4096
 CPUs: 8 total, 8 available
 Memory: 15761M
 Large Page Support: Disabled
 NUMA Support: Disabled
 Compressed Oops: Enabled (Zero based)
 Heap Region Size: 2M
 Heap Min Capacity: 8M
 Heap Initial Capacity: 248M
 Heap Max Capacity: 3942M
 Pre-touch: Disabled
 Parallel Workers: 8
 Concurrent Workers: 2
 Concurrent Refinement Workers: 8
 Periodic GC: Disabled
Heap:
 garbage-first heap   total 348160K, used 236803K [0x0000000709a00000, 0x0000000800000000)
  region size 2048K, 13 young (26624K), 7 survivors (14336K)
 Metaspace       used 91666K, committed 92096K, reserved 1179648K
  class space    used 9547K, committed 9728K, reserved 1048576K
GC Heap History (20 events):
Event: 5.438 GC heap before
{Heap before GC invocations=20 (full 0):
 garbage-first heap   total 143360K, used 120832K [0x0000000709a00000, 0x0000000800000000)
  region size 2048K, 17 young (34816K), 2 survivors (4096K)
 Metaspace       used 51762K, committed 52096K, reserved 1114112K
  class space    used 6007K, committed 6144K, reserved 1048576K
}
Event: 5.446 GC heap after
{Heap after GC invocations=21 (full 0):
 garbage-first heap   total 348160K, used 97441K [0x0000000709a00000, 0x0000000800000000)
  region size 2048K, 3 young (6144K), 3 survivors (6144K)
 Metaspace       used 51762K, committed 52096K, reserved 1114112K
  class space    used 6007K, committed 6144K, reserved 1048576K
}
Event: 7.314 GC heap before
{Heap before GC invocations=21 (full 0):
 garbage-first heap   total 348160K, used 246945K [0x0000000709a00000, 0x0000000800000000)
  region size 2048K, 76 young (155648K), 3 survivors (6144K)
 Metaspace       used 59281K, committed 59584K, reserved 1114112K
  class space    used 6803K, committed 6912K, reserved 1048576K
}
Event: 7.342 GC heap after
{Heap after GC invocations=22 (full 0):
 garbage-first heap   total 348160K, used 136383K [0x0000000709a00000, 0x0000000800000000)
  region size 2048K, 10 young (20480K), 10 survivors (20480K)
 Metaspace       used 59281K, committed 59584K, reserved 1114112K
  class space    used 6803K, committed 6912K, reserved 1048576K
}
Event: 9.919 GC heap before
{Heap before GC invocations=22 (full 0):
 garbage-first heap   total 348160K, used 244927K [0x0000000709a00000, 0x0000000800000000)
  region size 2048K, 63 young (129024K), 10 survivors (20480K)
 Metaspace       used 61208K, committed 61568K, reserved 1114112K
  class space    used 6882K, committed 7040K, reserved 1048576K
}
Event: 9.944 GC heap after
{Heap after GC invocations=23 (full 0):
 garbage-first heap   total 348160K, used 151359K [0x0000000709a00000, 0x0000000800000000)
  region size 2048K, 7 young (14336K), 7 survivors (14336K)
 Metaspace       used 61208K, committed 61568K, reserved 1114112K
  class space    used 6882K, committed 7040K, reserved 1048576K
}
Event: 12.094 GC heap before
{Heap before GC invocations=23 (full 0):
 garbage-first heap   total 348160K, used 263999K [0x0000000709a00000, 0x0000000800000000)
  region size 2048K, 62 young (126976K), 7 survivors (14336K)
 Metaspace       used 62126K, committed 62464K, reserved 1114112K
  class space    used 6942K, committed 7104K, reserved 1048576K
}
Event: 12.112 GC heap after
{Heap after GC invocations=24 (full 0):
 garbage-first heap   total 348160K, used 161702K [0x0000000709a00000, 0x0000000800000000)
  region size 2048K, 5 young (10240K), 5 survivors (10240K)
 Metaspace       used 62126K, committed 62464K, reserved 1114112K
  class space    used 6942K, committed 7104K, reserved 1048576K
}
Event: 16.711 GC heap before
{Heap before GC invocations=25 (full 0):
 garbage-first heap   total 348160K, used 280486K [0x0000000709a00000, 0x0000000800000000)
  region size 2048K, 63 young (129024K), 5 survivors (10240K)
 Metaspace       used 66801K, committed 67136K, reserved 1114112K
  class space    used 7289K, committed 7424K, reserved 1048576K
}
Event: 16.738 GC heap after
{Heap after GC invocations=26 (full 0):
 garbage-first heap   total 348160K, used 171841K [0x0000000709a00000, 0x0000000800000000)
  region size 2048K, 5 young (10240K), 5 survivors (10240K)
 Metaspace       used 66801K, committed 67136K, reserved 1114112K
  class space    used 7289K, committed 7424K, reserved 1048576K
}
Event: 21.717 GC heap before
{Heap before GC invocations=26 (full 0):
 garbage-first heap   total 348160K, used 292673K [0x0000000709a00000, 0x0000000800000000)
  region size 2048K, 64 young (131072K), 5 survivors (10240K)
 Metaspace       used 74548K, committed 74880K, reserved 1179648K
  class space    used 7960K, committed 8064K, reserved 1048576K
}
Event: 21.752 GC heap after
{Heap after GC invocations=27 (full 0):
 garbage-first heap   total 348160K, used 189964K [0x0000000709a00000, 0x0000000800000000)
  region size 2048K, 8 young (16384K), 8 survivors (16384K)
 Metaspace       used 74548K, committed 74880K, reserved 1179648K
  class space    used 7960K, committed 8064K, reserved 1048576K
}
Event: 22.714 GC heap before
{Heap before GC invocations=27 (full 0):
 garbage-first heap   total 348160K, used 230924K [0x0000000709a00000, 0x0000000800000000)
  region size 2048K, 29 young (59392K), 8 survivors (16384K)
 Metaspace       used 76581K, committed 76928K, reserved 1179648K
  class space    used 8120K, committed 8256K, reserved 1048576K
}
Event: 22.738 GC heap after
{Heap after GC invocations=28 (full 0):
 garbage-first heap   total 348160K, used 199347K [0x0000000709a00000, 0x0000000800000000)
  region size 2048K, 5 young (10240K), 5 survivors (10240K)
 Metaspace       used 76581K, committed 76928K, reserved 1179648K
  class space    used 8120K, committed 8256K, reserved 1048576K
}
Event: 25.211 GC heap before
{Heap before GC invocations=29 (full 0):
 garbage-first heap   total 348160K, used 301747K [0x0000000709a00000, 0x0000000800000000)
  region size 2048K, 55 young (112640K), 5 survivors (10240K)
 Metaspace       used 78934K, committed 79296K, reserved 1179648K
  class space    used 8324K, committed 8512K, reserved 1048576K
}
Event: 25.231 GC heap after
{Heap after GC invocations=30 (full 0):
 garbage-first heap   total 348160K, used 213763K [0x0000000709a00000, 0x0000000800000000)
  region size 2048K, 7 young (14336K), 7 survivors (14336K)
 Metaspace       used 78934K, committed 79296K, reserved 1179648K
  class space    used 8324K, committed 8512K, reserved 1048576K
}
Event: 28.164 GC heap before
{Heap before GC invocations=30 (full 0):
 garbage-first heap   total 348160K, used 307971K [0x0000000709a00000, 0x0000000800000000)
  region size 2048K, 53 young (108544K), 7 survivors (14336K)
 Metaspace       used 86392K, committed 86848K, reserved 1179648K
  class space    used 9092K, committed 9280K, reserved 1048576K
}
Event: 28.185 GC heap after
{Heap after GC invocations=31 (full 0):
 garbage-first heap   total 348160K, used 221071K [0x0000000709a00000, 0x0000000800000000)
  region size 2048K, 4 young (8192K), 4 survivors (8192K)
 Metaspace       used 86392K, committed 86848K, reserved 1179648K
  class space    used 9092K, committed 9280K, reserved 1048576K
}
Event: 30.413 GC heap before
{Heap before GC invocations=31 (full 0):
 garbage-first heap   total 348160K, used 313231K [0x0000000709a00000, 0x0000000800000000)
  region size 2048K, 49 young (100352K), 4 survivors (8192K)
 Metaspace       used 91469K, committed 91904K, reserved 1179648K
  class space    used 9541K, committed 9728K, reserved 1048576K
}
Event: 30.428 GC heap after
{Heap after GC invocations=32 (full 0):
 garbage-first heap   total 348160K, used 226563K [0x0000000709a00000, 0x0000000800000000)
  region size 2048K, 7 young (14336K), 7 survivors (14336K)
 Metaspace       used 91469K, committed 91904K, reserved 1179648K
  class space    used 9541K, committed 9728K, reserved 1048576K
}

